{
  "stats": {
    "suites": 1,
    "tests": 7,
    "passes": 7,
    "pending": 0,
    "failures": 0,
    "start": "2025-04-15T13:54:36.817Z",
    "end": "2025-04-15T13:56:37.207Z",
    "duration": 120390,
    "testsRegistered": 7,
    "passPercent": 100,
    "pendingPercent": 0,
    "other": 0,
    "hasOther": false,
    "skipped": 0,
    "hasSkipped": false
  },
  "results": [
    {
      "uuid": "d2ef6800-ff53-4eba-b740-5eb9b75a47c9",
      "title": "",
      "fullFile": "cypress\\e2e\\Mutual\\New_P_L_Valuation_Report.cy.js",
      "file": "cypress\\e2e\\Mutual\\New_P_L_Valuation_Report.cy.js",
      "beforeHooks": [],
      "afterHooks": [],
      "tests": [],
      "suites": [
        {
          "uuid": "3f304b44-619e-43cb-b7ac-b7809960a912",
          "title": "Asset Report and Mutual Fund Report",
          "fullFile": "",
          "file": "",
          "beforeHooks": [],
          "afterHooks": [],
          "tests": [
            {
              "title": "should generate a report for Live Funds+ All Funds by client",
              "fullTitle": "Asset Report and Mutual Fund Report should generate a report for Live Funds+ All Funds by client",
              "timedOut": null,
              "duration": 31447,
              "state": "passed",
              "speed": "slow",
              "pass": true,
              "fail": false,
              "pending": false,
              "context": null,
              "code": "//for visit the url whichever you want after the login\ncy.visit(\"https://wealthelite.in/MutualFund/pl/profit-loss\");\n//Select the client\ncy.get('select[name=\"selectViewBy\"]').select('Client');\n//Select The Date\ncy.get('#valuationDate').clear().type('2025-04-15').click();\n// Select the Client Name\ncy.get('input[placeholder=\"Search client\"]').type('Abhishek Singh Parihar');\ncy.get('#loadClient > li').contains('Abhishek Singh Parihar').click();\ncy.wait(3000);\n// View Fund: All Funds\ncy.get('input#allFundView[type=\"radio\"]').check({\n  force: true\n});\n// Check Fund Type Wise\ncy.get('#fundTypeWise').check();\n// Intercept and click\ncy.intercept('POST', '/MutualFund/pl/show-pl-report').as('showPLReport');\ncy.intercept('POST', '/MutualFund/portfolio/save-graph-data').as('save-graph-data');\ncy.get('#btn_web').click();\ncy.wait('@showPLReport').then(interception => {\n  expect(interception.response.statusCode).to.eq(200);\n});\ncy.wait('@save-graph-data').then(interception => {\n  expect(interception.response.statusCode).to.eq(200);\n});",
              "err": {},
              "uuid": "64067341-d5ac-4880-ae25-3fff4c34aeee",
              "parentUUID": "3f304b44-619e-43cb-b7ac-b7809960a912",
              "isHook": false,
              "skipped": false
            },
            {
              "title": "should generate a report for All Funds + All Funds by client",
              "fullTitle": "Asset Report and Mutual Fund Report should generate a report for All Funds + All Funds by client",
              "timedOut": null,
              "duration": 10979,
              "state": "passed",
              "speed": "slow",
              "pass": true,
              "fail": false,
              "pending": false,
              "context": null,
              "code": "cy.visit(\"https://wealthelite.in/MutualFund/pl/profit-loss\");\ncy.get('select[name=\"selectViewBy\"]').select('Client');\ncy.get('#valuationDate').clear().type('2025-04-15').click();\ncy.get('input[placeholder=\"Search client\"]').type('Abhishek Singh Parihar');\ncy.get('#loadClient > li').contains('Abhishek Singh Parihar').click();\ncy.wait(3000);\n// Select Report Type: All Funds\ncy.get('input[name=\"reportType\"][value=\"all\"]', {\n  timeout: 10000\n}).check({\n  force: true\n});\n// Intercept and click\ncy.intercept('POST', '/MutualFund/pl/show-pl-report').as('showPLReport');\ncy.intercept('POST', '/MutualFund/portfolio/save-graph-data').as('save-graph-data');\ncy.get('#btn_web').click();\ncy.wait('@showPLReport').then(interception => {\n  expect(interception.response.statusCode).to.eq(200);\n});\ncy.wait('@save-graph-data').then(interception => {\n  expect(interception.response.statusCode).to.eq(200);\n});",
              "err": {},
              "uuid": "b877f3fc-859a-474c-af9b-5bc9fe5e6484",
              "parentUUID": "3f304b44-619e-43cb-b7ac-b7809960a912",
              "isHook": false,
              "skipped": false
            },
            {
              "title": "should generate a report for All Funds + Realised Fund by client",
              "fullTitle": "Asset Report and Mutual Fund Report should generate a report for All Funds + Realised Fund by client",
              "timedOut": null,
              "duration": 11516,
              "state": "passed",
              "speed": "slow",
              "pass": true,
              "fail": false,
              "pending": false,
              "context": null,
              "code": "cy.visit(\"https://wealthelite.in/MutualFund/pl/profit-loss\");\ncy.get('select[name=\"selectViewBy\"]').select('Client');\ncy.get('#valuationDate').clear().type('2025-04-15').click();\ncy.get('input[placeholder=\"Search client\"]').type('Abhishek Singh Parihar');\ncy.get('#loadClient > li').contains('Abhishek Singh Parihar').click();\ncy.wait(3000);\n// Select Report Type: All Funds\ncy.get('input[name=\"reportType\"][value=\"all\"]', {\n  timeout: 10000\n}).check({\n  force: true\n});\n// Intercept and click\ncy.intercept('POST', '/MutualFund/pl/show-pl-report').as('showPLReport');\ncy.intercept('POST', '/MutualFund/portfolio/save-graph-data').as('save-graph-data');\ncy.get('#btn_web').click();\ncy.wait('@showPLReport').then(interception => {\n  expect(interception.response.statusCode).to.eq(200);\n});\ncy.wait('@save-graph-data').then(interception => {\n  expect(interception.response.statusCode).to.eq(200);\n});",
              "err": {},
              "uuid": "a8505c44-ba47-4053-8c6a-ff8a9cb1cca2",
              "parentUUID": "3f304b44-619e-43cb-b7ac-b7809960a912",
              "isHook": false,
              "skipped": false
            },
            {
              "title": "should generate a report for All Funds + All Funds + Summery by client",
              "fullTitle": "Asset Report and Mutual Fund Report should generate a report for All Funds + All Funds + Summery by client",
              "timedOut": null,
              "duration": 11514,
              "state": "passed",
              "speed": "slow",
              "pass": true,
              "fail": false,
              "pending": false,
              "context": null,
              "code": "cy.visit(\"https://wealthelite.in/MutualFund/pl/profit-loss\");\ncy.get('select[name=\"selectViewBy\"]').select('Client');\ncy.get('#valuationDate').clear().type('2025-04-15').click();\ncy.get('input[placeholder=\"Search client\"]').type('Abhishek Singh Parihar');\ncy.get('#loadClient > li').contains('Abhishek Singh Parihar').click();\ncy.wait(3000);\n// Select Report Type: All Funds\ncy.get('input[name=\"reportType\"][value=\"all\"]', {\n  timeout: 10000\n}).check({\n  force: true\n});\n// Intercept and click\ncy.intercept('POST', '/MutualFund/pl/show-pl-report').as('showPLReport');\ncy.intercept('POST', '/MutualFund/portfolio/save-graph-data').as('save-graph-data');\ncy.get('#btn_web').click();\ncy.wait('@showPLReport').then(interception => {\n  expect(interception.response.statusCode).to.eq(200);\n});\ncy.wait('@save-graph-data').then(interception => {\n  expect(interception.response.statusCode).to.eq(200);\n});",
              "err": {},
              "uuid": "af9dfebf-4b99-41c4-a6bb-d8f96f9434b9",
              "parentUUID": "3f304b44-619e-43cb-b7ac-b7809960a912",
              "isHook": false,
              "skipped": false
            },
            {
              "title": "should generate a report for All Funds + All Funds + Graphs by client",
              "fullTitle": "Asset Report and Mutual Fund Report should generate a report for All Funds + All Funds + Graphs by client",
              "timedOut": null,
              "duration": 10820,
              "state": "passed",
              "speed": "slow",
              "pass": true,
              "fail": false,
              "pending": false,
              "context": null,
              "code": "cy.visit(\"https://wealthelite.in/MutualFund/pl/profit-loss\");\ncy.get('select[name=\"selectViewBy\"]').select('Client');\ncy.get('#valuationDate').clear().type('2025-04-15').click();\ncy.get('input[placeholder=\"Search client\"]').type('Abhishek Singh Parihar');\ncy.get('#loadClient > li').contains('Abhishek Singh Parihar').click();\ncy.wait(3000);\n// Select Report Type: All Funds\ncy.get('input[name=\"reportType\"][value=\"all\"]', {\n  timeout: 10000\n}).check({\n  force: true\n});\n// Intercept and click\ncy.intercept('POST', '/MutualFund/pl/show-pl-report').as('showPLReport');\ncy.get('#btn_web').click();\ncy.wait('@showPLReport').then(interception => {\n  expect(interception.response.statusCode).to.eq(200);\n});",
              "err": {},
              "uuid": "1c8502ff-d327-4ec4-9ee0-54165414fca5",
              "parentUUID": "3f304b44-619e-43cb-b7ac-b7809960a912",
              "isHook": false,
              "skipped": false
            },
            {
              "title": "should generate a report for All Funds + All Funds by Family",
              "fullTitle": "Asset Report and Mutual Fund Report should generate a report for All Funds + All Funds by Family",
              "timedOut": null,
              "duration": 20557,
              "state": "passed",
              "speed": "slow",
              "pass": true,
              "fail": false,
              "pending": false,
              "context": null,
              "code": "cy.visit(\"https://wealthelite.in/MutualFund/pl/profit-loss\");\ncy.get('select[name=\"selectViewBy\"]').select('Family');\ncy.get('#valuationDate').clear().type('2025-04-15').click();\ncy.get('input[placeholder=\"Search client\"]').type('Abhishek Singh Parihar');\ncy.get('#loadClient > li').contains('Abhishek Singh Parihar').click();\ncy.wait(3000);\n// Select Report Type: All Funds\ncy.get('input[name=\"reportType\"][value=\"all\"]', {\n  timeout: 10000\n}).check({\n  force: true\n});\n// Intercept and click\ncy.intercept('POST', '/MutualFund/pl/show-pl-report').as('showPLReport');\ncy.intercept('POST', '/MutualFund/portfolio/save-graph-data').as('save-graph-data');\ncy.get('#btn_web').click();\ncy.wait('@showPLReport').then(interception => {\n  expect(interception.response.statusCode).to.eq(200);\n});\ncy.wait('@save-graph-data').then(interception => {\n  expect(interception.response.statusCode).to.eq(200);\n});",
              "err": {},
              "uuid": "3de5dfe7-181d-473f-b3f9-f389df826fd4",
              "parentUUID": "3f304b44-619e-43cb-b7ac-b7809960a912",
              "isHook": false,
              "skipped": false
            },
            {
              "title": "should generate a report for All Funds + All Funds + Summery by Family",
              "fullTitle": "Asset Report and Mutual Fund Report should generate a report for All Funds + All Funds + Summery by Family",
              "timedOut": null,
              "duration": 19659,
              "state": "passed",
              "speed": "slow",
              "pass": true,
              "fail": false,
              "pending": false,
              "context": null,
              "code": "cy.visit(\"https://wealthelite.in/MutualFund/pl/profit-loss\");\ncy.get('select[name=\"selectViewBy\"]').select('Family');\ncy.get('#valuationDate').clear().type('2025-04-15').click();\ncy.get('input[placeholder=\"Search client\"]').type('Abhishek Singh Parihar');\ncy.get('#loadClient > li').contains('Abhishek Singh Parihar').click();\ncy.wait(3000);\n// Select Report Type: All Funds\ncy.get('input[name=\"reportType\"][value=\"all\"]', {\n  timeout: 10000\n}).check({\n  force: true\n});\n// Intercept and click\ncy.intercept('POST', '/MutualFund/pl/show-pl-report').as('showPLReport');\ncy.intercept('POST', '/MutualFund/portfolio/save-graph-data').as('save-graph-data');\ncy.get('#btn_web').click();\ncy.wait('@showPLReport').then(interception => {\n  expect(interception.response.statusCode).to.eq(200);\n});\ncy.wait('@save-graph-data').then(interception => {\n  expect(interception.response.statusCode).to.eq(200);\n});",
              "err": {},
              "uuid": "ef323c0f-deea-4694-92f6-b7741e365eb1",
              "parentUUID": "3f304b44-619e-43cb-b7ac-b7809960a912",
              "isHook": false,
              "skipped": false
            }
          ],
          "suites": [],
          "passes": [
            "64067341-d5ac-4880-ae25-3fff4c34aeee",
            "b877f3fc-859a-474c-af9b-5bc9fe5e6484",
            "a8505c44-ba47-4053-8c6a-ff8a9cb1cca2",
            "af9dfebf-4b99-41c4-a6bb-d8f96f9434b9",
            "1c8502ff-d327-4ec4-9ee0-54165414fca5",
            "3de5dfe7-181d-473f-b3f9-f389df826fd4",
            "ef323c0f-deea-4694-92f6-b7741e365eb1"
          ],
          "failures": [],
          "pending": [],
          "skipped": [],
          "duration": 116492,
          "root": false,
          "rootEmpty": false,
          "_timeout": 2000
        }
      ],
      "passes": [],
      "failures": [],
      "pending": [],
      "skipped": [],
      "duration": 0,
      "root": true,
      "rootEmpty": true,
      "_timeout": 2000
    }
  ],
  "meta": {
    "mocha": {
      "version": "7.0.1"
    },
    "mochawesome": {
      "options": {
        "quiet": false,
        "reportFilename": "reports",
        "saveHtml": true,
        "saveJson": true,
        "consoleReporter": "spec",
        "useInlineDiffs": false,
        "code": true
      },
      "version": "7.1.3"
    },
    "marge": {
      "options": {
        "reportDir": "cypress/reports/mochawesome/",
        "reportFilename": "reports",
        "html": true,
        "json": true,
        "overwrite": true,
        "timestamp": "yyyy-mm-dd_HH-MM-ss",
        "charts": true,
        "inline": true
      },
      "version": "6.2.0"
    }
  }
}