{
  "stats": {
    "suites": 1,
    "tests": 2,
    "passes": 2,
    "pending": 0,
    "failures": 0,
    "start": "2025-04-28T13:33:28.173Z",
    "end": "2025-04-28T13:34:02.675Z",
    "duration": 34502,
    "testsRegistered": 2,
    "passPercent": 100,
    "pendingPercent": 0,
    "other": 0,
    "hasOther": false,
    "skipped": 0,
    "hasSkipped": false
  },
  "results": [
    {
      "uuid": "189b3997-fb4a-49cb-a2b2-0eb9abbdd149",
      "title": "",
      "fullFile": "cypress\\e2e\\Mutual\\New_Folio_Master.cy.js",
      "file": "cypress\\e2e\\Mutual\\New_Folio_Master.cy.js",
      "beforeHooks": [],
      "afterHooks": [],
      "tests": [],
      "suites": [
        {
          "uuid": "bff6d294-4c7a-4138-95e3-eb3d4c7e754f",
          "title": "Between Date XIRR Report",
          "fullFile": "",
          "file": "",
          "beforeHooks": [],
          "afterHooks": [],
          "tests": [
            {
              "title": "TC_01:Generate Folio Master report with Client",
              "fullTitle": "Between Date XIRR Report TC_01:Generate Folio Master report with Client",
              "timedOut": null,
              "duration": 21944,
              "state": "passed",
              "speed": "slow",
              "pass": true,
              "fail": false,
              "pending": false,
              "context": null,
              "code": "cy.visit(baseUrl);\ncy.get('select[name=\"selectViewBy\"]').select('Client');\ncy.get('input[placeholder=\"Search client\"]').type(clientName);\ncy.get('#loadClient > li').contains(clientName).click();\ncy.wait(3000);\ncy.intercept('POST', '/MutualFund/folio-master/show-folio-master-report').as('show-folio-master-report');\ncy.get('#btn_web').click();\n// Validate the API And the Reports Should be visible \ncy.wait('@show-folio-master-report').its('response.statusCode').should('eq', 200);\ncy.get('.report-result-panel > :nth-child(1) > :nth-child(2)').should('contain', clientName);",
              "err": {},
              "uuid": "89744028-a66d-47cf-956f-d56ddc3a0a2d",
              "parentUUID": "bff6d294-4c7a-4138-95e3-eb3d4c7e754f",
              "isHook": false,
              "skipped": false
            },
            {
              "title": "TC_02: Generate Folio Master report with Family",
              "fullTitle": "Between Date XIRR Report TC_02: Generate Folio Master report with Family",
              "timedOut": null,
              "duration": 9650,
              "state": "passed",
              "speed": "medium",
              "pass": true,
              "fail": false,
              "pending": false,
              "context": null,
              "code": "cy.visit(baseUrl);\ncy.get('select[name=\"selectViewBy\"]').select('Client');\ncy.get('input[placeholder=\"Search client\"]').type(clientName);\ncy.get('#loadClient > li').contains(clientName).click();\ncy.wait(3000);\ncy.intercept('POST', '/MutualFund/folio-master/show-folio-master-report').as('show-folio-master-report');\ncy.get('#btn_web').click();\n// Validate the API And the Reports Should be visible \ncy.wait('@show-folio-master-report').its('response.statusCode').should('eq', 200);\ncy.get('.report-result-panel > :nth-child(1) > :nth-child(2)').should('contain', familyName);",
              "err": {},
              "uuid": "783f1635-f899-4082-9fc7-b610e2b601ef",
              "parentUUID": "bff6d294-4c7a-4138-95e3-eb3d4c7e754f",
              "isHook": false,
              "skipped": false
            }
          ],
          "suites": [],
          "passes": [
            "89744028-a66d-47cf-956f-d56ddc3a0a2d",
            "783f1635-f899-4082-9fc7-b610e2b601ef"
          ],
          "failures": [],
          "pending": [],
          "skipped": [],
          "duration": 31594,
          "root": false,
          "rootEmpty": false,
          "_timeout": 2000
        }
      ],
      "passes": [],
      "failures": [],
      "pending": [],
      "skipped": [],
      "duration": 0,
      "root": true,
      "rootEmpty": true,
      "_timeout": 2000
    }
  ],
  "meta": {
    "mocha": {
      "version": "7.0.1"
    },
    "mochawesome": {
      "options": {
        "quiet": false,
        "reportFilename": "reports",
        "saveHtml": true,
        "saveJson": true,
        "consoleReporter": "spec",
        "useInlineDiffs": false,
        "code": true
      },
      "version": "7.1.3"
    },
    "marge": {
      "options": {
        "reportDir": "cypress/reports/mochawesome/",
        "reportFilename": "reports",
        "html": true,
        "json": true,
        "overwrite": true,
        "timestamp": "yyyy-mm-dd_HH-MM-ss",
        "charts": true,
        "inline": true
      },
      "version": "6.2.0"
    }
  }
}