{
  "stats": {
    "suites": 1,
    "tests": 3,
    "passes": 1,
    "pending": 0,
    "failures": 2,
    "start": "2025-04-28T13:25:31.665Z",
    "end": "2025-04-28T13:26:13.282Z",
    "duration": 41617,
    "testsRegistered": 3,
    "passPercent": 33.33333333333333,
    "pendingPercent": 0,
    "other": 0,
    "hasOther": false,
    "skipped": 0,
    "hasSkipped": false
  },
  "results": [
    {
      "uuid": "a20eaecd-4ca1-40eb-a7d6-3cc5c17a9008",
      "title": "",
      "fullFile": "cypress\\e2e\\Mutual\\AUM_By_Family.cy.js",
      "file": "cypress\\e2e\\Mutual\\AUM_By_Family.cy.js",
      "beforeHooks": [],
      "afterHooks": [],
      "tests": [],
      "suites": [
        {
          "uuid": "635ffe31-14d5-48a8-a4b6-2818937a9cc4",
          "title": "Between Date XIRR Report",
          "fullFile": "",
          "file": "",
          "beforeHooks": [],
          "afterHooks": [],
          "tests": [
            {
              "title": "TC_01:Generate AUM Report by Families with default date and all ARN",
              "fullTitle": "Between Date XIRR Report TC_01:Generate AUM Report by Families with default date and all ARN",
              "timedOut": null,
              "duration": 22196,
              "state": "passed",
              "speed": "slow",
              "pass": true,
              "fail": false,
              "pending": false,
              "context": null,
              "code": "cy.visit(baseUrl);\ncy.intercept('POST', '/MutualFund/aum-master/aum-all-family').as('aum-all-family');\ncy.get('#btn_web').click();\n// Validate the API And the Reports Should be visible \ncy.wait('@aum-all-family').its('response.statusCode').should('eq', 200);\ncy.get('#familyWiseAumTable_wrapper').should('be.visible');",
              "err": {},
              "uuid": "f79adfb1-e106-4817-909e-838988b7440b",
              "parentUUID": "635ffe31-14d5-48a8-a4b6-2818937a9cc4",
              "isHook": false,
              "skipped": false
            },
            {
              "title": "TC_021:Generate AUM Reports by Families with selected date and selected ARN",
              "fullTitle": "Between Date XIRR Report TC_021:Generate AUM Reports by Families with selected date and selected ARN",
              "timedOut": null,
              "duration": 7431,
              "state": "failed",
              "speed": null,
              "pass": false,
              "fail": true,
              "pending": false,
              "context": "{\n  \"title\": \"cypress-mochawesome-reporter-screenshots\",\n  \"value\": [\n    [\n      \"\\\\AUM_By_Family.cy.js\\\\Between Date XIRR Report -- TC_021Generate AUM Reports by Families with selected date and selected ARN (failed).png\"\n    ]\n  ]\n}",
              "code": "cy.visit(baseUrl);\ncy.get('#aumReportDate').select('2025-04-16');\ncy.get('#arnNo').select('ARN-69442').should('have.value', 'ARN-69442');\ncy.intercept('POST', '/MutualFund/aum-master/aum-all-family').as('aum-all-family');\ncy.get('#btn_web').click();\n// Validate the API And the Reports Should be visible \ncy.wait('@aum-all-family').its('response.statusCode').should('eq', 200);\ncy.get('#familyWiseAumTable_wrapper').should('be.visible');",
              "err": {
                "message": "CypressError: Timed out retrying after 4000ms: `cy.select()` failed because it could not find a single `<option>` with value, index, or text matching: `2025-04-16`\n\nhttps://on.cypress.io/select",
                "estack": "CypressError: Timed out retrying after 4000ms: `cy.select()` failed because it could not find a single `<option>` with value, index, or text matching: `2025-04-16`\n\nhttps://on.cypress.io/select\n    at getOptions (https://wealthelite.in/__cypress/runner/cypress_runner.js:114180:72)\n    at tryCatcher (https://wealthelite.in/__cypress/runner/cypress_runner.js:1830:23)\n    at Promise.attempt.Promise.try (https://wealthelite.in/__cypress/runner/cypress_runner.js:4338:29)\n    at retryOptions (https://wealthelite.in/__cypress/runner/cypress_runner.js:114212:70)\n    at tryCatcher (https://wealthelite.in/__cypress/runner/cypress_runner.js:1830:23)\n    at Promise.attempt.Promise.try (https://wealthelite.in/__cypress/runner/cypress_runner.js:4338:29)\n    at whenStable (https://wealthelite.in/__cypress/runner/cypress_runner.js:143744:68)\n    at <unknown> (https://wealthelite.in/__cypress/runner/cypress_runner.js:143685:14)\n    at tryCatcher (https://wealthelite.in/__cypress/runner/cypress_runner.js:1830:23)\n    at Promise._settlePromiseFromHandler (https://wealthelite.in/__cypress/runner/cypress_runner.js:1542:31)\n    at Promise._settlePromise (https://wealthelite.in/__cypress/runner/cypress_runner.js:1599:18)\n    at Promise._settlePromise0 (https://wealthelite.in/__cypress/runner/cypress_runner.js:1644:10)\n    at Promise._settlePromises (https://wealthelite.in/__cypress/runner/cypress_runner.js:1724:18)\n    at Promise._fulfill (https://wealthelite.in/__cypress/runner/cypress_runner.js:1668:18)\n    at <unknown> (https://wealthelite.in/__cypress/runner/cypress_runner.js:5473:46)\nFrom Your Spec Code:\n    at Context.eval (webpack://wealthelite/./cypress/e2e/Mutual/AUM_By_Family.cy.js:36:29)",
                "diff": null
              },
              "uuid": "72c3350b-ce1a-47a5-a44d-1ba370c46cea",
              "parentUUID": "635ffe31-14d5-48a8-a4b6-2818937a9cc4",
              "isHook": false,
              "skipped": false
            },
            {
              "title": "TC_03:Generate AUM Report  by Families with selected date and all ARN and Include Non Family Member AUM",
              "fullTitle": "Between Date XIRR Report TC_03:Generate AUM Report  by Families with selected date and all ARN and Include Non Family Member AUM",
              "timedOut": null,
              "duration": 8952,
              "state": "failed",
              "speed": null,
              "pass": false,
              "fail": true,
              "pending": false,
              "context": "{\n  \"title\": \"cypress-mochawesome-reporter-screenshots\",\n  \"value\": [\n    [\n      \"\\\\AUM_By_Family.cy.js\\\\Between Date XIRR Report -- TC_03Generate AUM Report  by Families with selected date and all ARN and Include Non Family Member AUM (failed).png\"\n    ]\n  ]\n}",
              "code": "cy.visit(baseUrl);\ncy.get('#aumReportDate').select('2025-04-16');\ncy.intercept('POST', '/MutualFund/aum-master/aum-all-family').as('aum-all-family');\ncy.get('#btn_web').click();\n// Validate the API And the Reports Should be visible \ncy.wait('@aum-all-family').its('response.statusCode').should('eq', 200);\ncy.get('#familyWiseAumTable_wrapper').should('be.visible');",
              "err": {
                "message": "CypressError: Timed out retrying after 4000ms: `cy.select()` failed because it could not find a single `<option>` with value, index, or text matching: `2025-04-16`\n\nhttps://on.cypress.io/select",
                "estack": "CypressError: Timed out retrying after 4000ms: `cy.select()` failed because it could not find a single `<option>` with value, index, or text matching: `2025-04-16`\n\nhttps://on.cypress.io/select\n    at getOptions (https://wealthelite.in/__cypress/runner/cypress_runner.js:114180:72)\n    at tryCatcher (https://wealthelite.in/__cypress/runner/cypress_runner.js:1830:23)\n    at Promise.attempt.Promise.try (https://wealthelite.in/__cypress/runner/cypress_runner.js:4338:29)\n    at retryOptions (https://wealthelite.in/__cypress/runner/cypress_runner.js:114212:70)\n    at tryCatcher (https://wealthelite.in/__cypress/runner/cypress_runner.js:1830:23)\n    at Promise.attempt.Promise.try (https://wealthelite.in/__cypress/runner/cypress_runner.js:4338:29)\n    at whenStable (https://wealthelite.in/__cypress/runner/cypress_runner.js:143744:68)\n    at <unknown> (https://wealthelite.in/__cypress/runner/cypress_runner.js:143685:14)\n    at tryCatcher (https://wealthelite.in/__cypress/runner/cypress_runner.js:1830:23)\n    at Promise._settlePromiseFromHandler (https://wealthelite.in/__cypress/runner/cypress_runner.js:1542:31)\n    at Promise._settlePromise (https://wealthelite.in/__cypress/runner/cypress_runner.js:1599:18)\n    at Promise._settlePromise0 (https://wealthelite.in/__cypress/runner/cypress_runner.js:1644:10)\n    at Promise._settlePromises (https://wealthelite.in/__cypress/runner/cypress_runner.js:1724:18)\n    at Promise._fulfill (https://wealthelite.in/__cypress/runner/cypress_runner.js:1668:18)\n    at <unknown> (https://wealthelite.in/__cypress/runner/cypress_runner.js:5473:46)\nFrom Your Spec Code:\n    at Context.eval (webpack://wealthelite/./cypress/e2e/Mutual/AUM_By_Family.cy.js:56:29)",
                "diff": null
              },
              "uuid": "f08d4b3d-b074-4c02-8f92-5c66b2aa84ec",
              "parentUUID": "635ffe31-14d5-48a8-a4b6-2818937a9cc4",
              "isHook": false,
              "skipped": false
            }
          ],
          "suites": [],
          "passes": [
            "f79adfb1-e106-4817-909e-838988b7440b"
          ],
          "failures": [
            "72c3350b-ce1a-47a5-a44d-1ba370c46cea",
            "f08d4b3d-b074-4c02-8f92-5c66b2aa84ec"
          ],
          "pending": [],
          "skipped": [],
          "duration": 38579,
          "root": false,
          "rootEmpty": false,
          "_timeout": 2000
        }
      ],
      "passes": [],
      "failures": [],
      "pending": [],
      "skipped": [],
      "duration": 0,
      "root": true,
      "rootEmpty": true,
      "_timeout": 2000
    }
  ],
  "meta": {
    "mocha": {
      "version": "7.0.1"
    },
    "mochawesome": {
      "options": {
        "quiet": false,
        "reportFilename": "reports",
        "saveHtml": true,
        "saveJson": true,
        "consoleReporter": "spec",
        "useInlineDiffs": false,
        "code": true
      },
      "version": "7.1.3"
    },
    "marge": {
      "options": {
        "reportDir": "cypress/reports/mochawesome/",
        "reportFilename": "reports",
        "html": true,
        "json": true,
        "overwrite": true,
        "timestamp": "yyyy-mm-dd_HH-MM-ss",
        "charts": true,
        "inline": true
      },
      "version": "6.2.0"
    }
  }
}