{
  "stats": {
    "suites": 1,
    "tests": 2,
    "passes": 2,
    "pending": 0,
    "failures": 0,
    "start": "2025-04-28T11:53:36.298Z",
    "end": "2025-04-28T11:54:21.004Z",
    "duration": 44706,
    "testsRegistered": 2,
    "passPercent": 100,
    "pendingPercent": 0,
    "other": 0,
    "hasOther": false,
    "skipped": 0,
    "hasSkipped": false
  },
  "results": [
    {
      "uuid": "f61ed696-a751-49f7-8e50-4157d482ef74",
      "title": "",
      "fullFile": "cypress\\e2e\\Mutual\\New_AUM _Growth _Report.cy.js",
      "file": "cypress\\e2e\\Mutual\\New_AUM _Growth _Report.cy.js",
      "beforeHooks": [],
      "afterHooks": [],
      "tests": [],
      "suites": [
        {
          "uuid": "95ffd87c-6d7f-4b74-b704-be6b0b538c60",
          "title": "Between Date XIRR Report",
          "fullFile": "",
          "file": "",
          "beforeHooks": [],
          "afterHooks": [],
          "tests": [
            {
              "title": "TC_01:Generate AUM Growth Reports (Financial Year Any) ",
              "fullTitle": "Between Date XIRR Report TC_01:Generate AUM Growth Reports (Financial Year Any) ",
              "timedOut": null,
              "duration": 26907,
              "state": "passed",
              "speed": "slow",
              "pass": true,
              "fail": false,
              "pending": false,
              "context": null,
              "code": "cy.visit(baseUrl);\ncy.wait(1000);\ncy.get('#noOfMonth').select('2024-2025');\n// cy.get('.modal-body > .btn').click()\ncy.intercept('POST', '/MutualFund/aum-growth/show-aum-report-data').as('show-aum-report-data');\ncy.contains('button', 'Show').click();\n// Validate the API And the Reports Should be visible \ncy.wait('@show-aum-report-data').its('response.statusCode').should('eq', 200);\n// Example: validate the label for March 2025 exists\ncy.get('svg text').contains('Mar, 2025').should('exist');",
              "err": {},
              "uuid": "bb8fb020-41b2-4ad8-a3b8-65b8369cdf25",
              "parentUUID": "95ffd87c-6d7f-4b74-b704-be6b0b538c60",
              "isHook": false,
              "skipped": false
            },
            {
              "title": "TC_01:Generate AUM Growth Reports (Last 5 years) ",
              "fullTitle": "Between Date XIRR Report TC_01:Generate AUM Growth Reports (Last 5 years) ",
              "timedOut": null,
              "duration": 9342,
              "state": "passed",
              "speed": "medium",
              "pass": true,
              "fail": false,
              "pending": false,
              "context": null,
              "code": "cy.visit(baseUrl);\ncy.wait(1000);\ncy.get('#noOfMonth').select('5YEAR');\n// cy.get('.modal-body > .btn').click()\ncy.intercept('POST', '/MutualFund/aum-growth/show-aum-report-data').as('show-aum-report-data');\ncy.contains('button', 'Show').click();\n// Validate the API And the Reports Should be visible \ncy.wait('@show-aum-report-data').its('response.statusCode').should('eq', 200);\n// Example: validate the label for March 2025 exists\ncy.get('svg text').contains('AUM Growth Report Year Wise').should('exist');",
              "err": {},
              "uuid": "2645c532-a722-4e06-8acc-122bfab54519",
              "parentUUID": "95ffd87c-6d7f-4b74-b704-be6b0b538c60",
              "isHook": false,
              "skipped": false
            }
          ],
          "suites": [],
          "passes": [
            "bb8fb020-41b2-4ad8-a3b8-65b8369cdf25",
            "2645c532-a722-4e06-8acc-122bfab54519"
          ],
          "failures": [],
          "pending": [],
          "skipped": [],
          "duration": 36249,
          "root": false,
          "rootEmpty": false,
          "_timeout": 2000
        }
      ],
      "passes": [],
      "failures": [],
      "pending": [],
      "skipped": [],
      "duration": 0,
      "root": true,
      "rootEmpty": true,
      "_timeout": 2000
    }
  ],
  "meta": {
    "mocha": {
      "version": "7.0.1"
    },
    "mochawesome": {
      "options": {
        "quiet": false,
        "reportFilename": "reports",
        "saveHtml": true,
        "saveJson": true,
        "consoleReporter": "spec",
        "useInlineDiffs": false,
        "code": true
      },
      "version": "7.1.3"
    },
    "marge": {
      "options": {
        "reportDir": "cypress/reports/mochawesome/",
        "reportFilename": "reports",
        "html": true,
        "json": true,
        "overwrite": true,
        "timestamp": "yyyy-mm-dd_HH-MM-ss",
        "charts": true,
        "inline": true
      },
      "version": "6.2.0"
    }
  }
}