{
  "stats": {
    "suites": 1,
    "tests": 3,
    "passes": 1,
    "pending": 0,
    "failures": 2,
    "start": "2025-04-28T11:50:06.699Z",
    "end": "2025-04-28T11:50:46.545Z",
    "duration": 39846,
    "testsRegistered": 3,
    "passPercent": 33.33333333333333,
    "pendingPercent": 0,
    "other": 0,
    "hasOther": false,
    "skipped": 0,
    "hasSkipped": false
  },
  "results": [
    {
      "uuid": "a6c61737-33d3-47f4-82f3-5d74a4fd4aa1",
      "title": "",
      "fullFile": "cypress\\e2e\\Mutual\\AUM_By_Fund_House.cy.js",
      "file": "cypress\\e2e\\Mutual\\AUM_By_Fund_House.cy.js",
      "beforeHooks": [],
      "afterHooks": [],
      "tests": [],
      "suites": [
        {
          "uuid": "54f282f1-f787-4fb6-9a32-bfda94d2d230",
          "title": "Between Date XIRR Report",
          "fullFile": "",
          "file": "",
          "beforeHooks": [],
          "afterHooks": [],
          "tests": [
            {
              "title": "TC_01:Generate AUM Report with default date and all ARN",
              "fullTitle": "Between Date XIRR Report TC_01:Generate AUM Report with default date and all ARN",
              "timedOut": null,
              "duration": 20843,
              "state": "passed",
              "speed": "slow",
              "pass": true,
              "fail": false,
              "pending": false,
              "context": null,
              "code": "cy.visit(baseUrl);\ncy.intercept('POST', '/MutualFund/aum-master/aum-all-amc').as('aum-all-amc');\ncy.get('#btn_web').click();\n// Validate the API And the Reports Should be visible \ncy.wait('@aum-all-amc').its('response.statusCode').should('eq', 200);\ncy.get('#amcWiseAumDatatable').should('be.visible');",
              "err": {},
              "uuid": "cf3dda32-441a-4405-9c3e-fe93ec735407",
              "parentUUID": "54f282f1-f787-4fb6-9a32-bfda94d2d230",
              "isHook": false,
              "skipped": false
            },
            {
              "title": "TC_021:Generate AUM Reports with selected date and selected ARN",
              "fullTitle": "Between Date XIRR Report TC_021:Generate AUM Reports with selected date and selected ARN",
              "timedOut": null,
              "duration": 7786,
              "state": "failed",
              "speed": null,
              "pass": false,
              "fail": true,
              "pending": false,
              "context": "{\n  \"title\": \"cypress-mochawesome-reporter-screenshots\",\n  \"value\": [\n    [\n      \"\\\\AUM_By_Fund_House.cy.js\\\\Between Date XIRR Report -- TC_021Generate AUM Reports with selected date and selected ARN (failed).png\"\n    ]\n  ]\n}",
              "code": "cy.visit(baseUrl);\ncy.get('#aumReportDate').select('2025-04-16');\ncy.get('#arnNo').select('ARN-69442').should('have.value', 'ARN-69442');\ncy.intercept('POST', '/MutualFund/aum-master/aum-all-amc').as('aum-all-amc');\ncy.get('#btn_web').click();\n// Validate the API And the Reports Should be visible \ncy.wait('@aum-all-amc').its('response.statusCode').should('eq', 200);\ncy.get('#amcWiseAumDatatable').should('be.visible');",
              "err": {
                "message": "CypressError: Timed out retrying after 4000ms: `cy.select()` failed because it could not find a single `<option>` with value, index, or text matching: `2025-04-16`\n\nhttps://on.cypress.io/select",
                "estack": "CypressError: Timed out retrying after 4000ms: `cy.select()` failed because it could not find a single `<option>` with value, index, or text matching: `2025-04-16`\n\nhttps://on.cypress.io/select\n    at getOptions (https://wealthelite.in/__cypress/runner/cypress_runner.js:114180:72)\n    at tryCatcher (https://wealthelite.in/__cypress/runner/cypress_runner.js:1830:23)\n    at Promise.attempt.Promise.try (https://wealthelite.in/__cypress/runner/cypress_runner.js:4338:29)\n    at retryOptions (https://wealthelite.in/__cypress/runner/cypress_runner.js:114212:70)\n    at tryCatcher (https://wealthelite.in/__cypress/runner/cypress_runner.js:1830:23)\n    at Promise.attempt.Promise.try (https://wealthelite.in/__cypress/runner/cypress_runner.js:4338:29)\n    at whenStable (https://wealthelite.in/__cypress/runner/cypress_runner.js:143744:68)\n    at <unknown> (https://wealthelite.in/__cypress/runner/cypress_runner.js:143685:14)\n    at tryCatcher (https://wealthelite.in/__cypress/runner/cypress_runner.js:1830:23)\n    at Promise._settlePromiseFromHandler (https://wealthelite.in/__cypress/runner/cypress_runner.js:1542:31)\n    at Promise._settlePromise (https://wealthelite.in/__cypress/runner/cypress_runner.js:1599:18)\n    at Promise._settlePromise0 (https://wealthelite.in/__cypress/runner/cypress_runner.js:1644:10)\n    at Promise._settlePromises (https://wealthelite.in/__cypress/runner/cypress_runner.js:1724:18)\n    at Promise._fulfill (https://wealthelite.in/__cypress/runner/cypress_runner.js:1668:18)\n    at <unknown> (https://wealthelite.in/__cypress/runner/cypress_runner.js:5473:46)\nFrom Your Spec Code:\n    at Context.eval (webpack://wealthelite/./cypress/e2e/Mutual/AUM_By_Fund_House.cy.js:36:29)",
                "diff": null
              },
              "uuid": "c2c2e714-46f3-4d5d-a312-ed4369e9cbfc",
              "parentUUID": "54f282f1-f787-4fb6-9a32-bfda94d2d230",
              "isHook": false,
              "skipped": false
            },
            {
              "title": "TC_03:Generate AUM Report with selected date and all ARN",
              "fullTitle": "Between Date XIRR Report TC_03:Generate AUM Report with selected date and all ARN",
              "timedOut": null,
              "duration": 8230,
              "state": "failed",
              "speed": null,
              "pass": false,
              "fail": true,
              "pending": false,
              "context": "{\n  \"title\": \"cypress-mochawesome-reporter-screenshots\",\n  \"value\": [\n    [\n      \"\\\\AUM_By_Fund_House.cy.js\\\\Between Date XIRR Report -- TC_03Generate AUM Report with selected date and all ARN (failed).png\"\n    ]\n  ]\n}",
              "code": "cy.visit(baseUrl);\ncy.get('#aumReportDate').select('2025-04-16');\ncy.intercept('POST', '/MutualFund/aum-master/aum-all-amc').as('aum-all-amc');\ncy.get('#btn_web').click();\n// Validate the API And the Reports Should be visible \ncy.wait('@aum-all-amc').its('response.statusCode').should('eq', 200);\ncy.get('#amcWiseAumDatatable').should('be.visible');",
              "err": {
                "message": "CypressError: Timed out retrying after 4000ms: `cy.select()` failed because it could not find a single `<option>` with value, index, or text matching: `2025-04-16`\n\nhttps://on.cypress.io/select",
                "estack": "CypressError: Timed out retrying after 4000ms: `cy.select()` failed because it could not find a single `<option>` with value, index, or text matching: `2025-04-16`\n\nhttps://on.cypress.io/select\n    at getOptions (https://wealthelite.in/__cypress/runner/cypress_runner.js:114180:72)\n    at tryCatcher (https://wealthelite.in/__cypress/runner/cypress_runner.js:1830:23)\n    at Promise.attempt.Promise.try (https://wealthelite.in/__cypress/runner/cypress_runner.js:4338:29)\n    at retryOptions (https://wealthelite.in/__cypress/runner/cypress_runner.js:114212:70)\n    at tryCatcher (https://wealthelite.in/__cypress/runner/cypress_runner.js:1830:23)\n    at Promise.attempt.Promise.try (https://wealthelite.in/__cypress/runner/cypress_runner.js:4338:29)\n    at whenStable (https://wealthelite.in/__cypress/runner/cypress_runner.js:143744:68)\n    at <unknown> (https://wealthelite.in/__cypress/runner/cypress_runner.js:143685:14)\n    at tryCatcher (https://wealthelite.in/__cypress/runner/cypress_runner.js:1830:23)\n    at Promise._settlePromiseFromHandler (https://wealthelite.in/__cypress/runner/cypress_runner.js:1542:31)\n    at Promise._settlePromise (https://wealthelite.in/__cypress/runner/cypress_runner.js:1599:18)\n    at Promise._settlePromise0 (https://wealthelite.in/__cypress/runner/cypress_runner.js:1644:10)\n    at Promise._settlePromises (https://wealthelite.in/__cypress/runner/cypress_runner.js:1724:18)\n    at Promise._fulfill (https://wealthelite.in/__cypress/runner/cypress_runner.js:1668:18)\n    at <unknown> (https://wealthelite.in/__cypress/runner/cypress_runner.js:5473:46)\nFrom Your Spec Code:\n    at Context.eval (webpack://wealthelite/./cypress/e2e/Mutual/AUM_By_Fund_House.cy.js:56:29)",
                "diff": null
              },
              "uuid": "125d1f03-e93c-438c-97fa-273ee395a24e",
              "parentUUID": "54f282f1-f787-4fb6-9a32-bfda94d2d230",
              "isHook": false,
              "skipped": false
            }
          ],
          "suites": [],
          "passes": [
            "cf3dda32-441a-4405-9c3e-fe93ec735407"
          ],
          "failures": [
            "c2c2e714-46f3-4d5d-a312-ed4369e9cbfc",
            "125d1f03-e93c-438c-97fa-273ee395a24e"
          ],
          "pending": [],
          "skipped": [],
          "duration": 36859,
          "root": false,
          "rootEmpty": false,
          "_timeout": 2000
        }
      ],
      "passes": [],
      "failures": [],
      "pending": [],
      "skipped": [],
      "duration": 0,
      "root": true,
      "rootEmpty": true,
      "_timeout": 2000
    }
  ],
  "meta": {
    "mocha": {
      "version": "7.0.1"
    },
    "mochawesome": {
      "options": {
        "quiet": false,
        "reportFilename": "reports",
        "saveHtml": true,
        "saveJson": true,
        "consoleReporter": "spec",
        "useInlineDiffs": false,
        "code": true
      },
      "version": "7.1.3"
    },
    "marge": {
      "options": {
        "reportDir": "cypress/reports/mochawesome/",
        "reportFilename": "reports",
        "html": true,
        "json": true,
        "overwrite": true,
        "timestamp": "yyyy-mm-dd_HH-MM-ss",
        "charts": true,
        "inline": true
      },
      "version": "6.2.0"
    }
  }
}