{
  "stats": {
    "suites": 1,
    "tests": 4,
    "passes": 4,
    "pending": 0,
    "failures": 0,
    "start": "2025-04-28T13:28:50.398Z",
    "end": "2025-04-28T13:29:39.969Z",
    "duration": 49571,
    "testsRegistered": 4,
    "passPercent": 100,
    "pendingPercent": 0,
    "other": 0,
    "hasOther": false,
    "skipped": 0,
    "hasSkipped": false
  },
  "results": [
    {
      "uuid": "fae575dc-67f0-4f53-8c59-bc85553aa451",
      "title": "",
      "fullFile": "cypress\\e2e\\Mutual\\New_Allocation_Report.cy.js",
      "file": "cypress\\e2e\\Mutual\\New_Allocation_Report.cy.js",
      "beforeHooks": [],
      "afterHooks": [],
      "tests": [],
      "suites": [
        {
          "uuid": "d5f33b99-fcc9-4bbe-89c5-8a1bc12d3205",
          "title": "Between Date XIRR Report",
          "fullFile": "",
          "file": "",
          "beforeHooks": [],
          "afterHooks": [],
          "tests": [
            {
              "title": "TC_001: Generate report with Client, All Funds, Manually",
              "fullTitle": "Between Date XIRR Report TC_001: Generate report with Client, All Funds, Manually",
              "timedOut": null,
              "duration": 19466,
              "state": "passed",
              "speed": "slow",
              "pass": true,
              "fail": false,
              "pending": false,
              "context": null,
              "code": "cy.visit(baseUrl);\ncy.get('select[name=\"selectViewBy\"]').select('Client');\ncy.get('input[name=\"clientShowType\"][value=\"1\"]').check({\n  force: true\n});\n// Select the  Name\ncy.get('input[name=\"searchClient\"]').clear().type('Abhishek Singh Parihar');\ncy.get('#loadClient').should('be.visible').contains('li', 'Abhishek Singh Parihar').click();\ncy.wait(3000);\ncy.intercept('POST', '/MutualFund/allocation/allocation-fund-report').as('allocation-fund-report');\ncy.get('#btn_web').click();\n// Validate the API And the Reports Should be visible \ncy.wait('@allocation-fund-report').its('response.statusCode').should('eq', 200);\ncy.get('#monthlyexample > tbody > tr > td.text-left.sorting_1').should('be.visible').and('contain', clientName);",
              "err": {},
              "uuid": "223ca6a4-96af-4f2d-bf42-7173121c60e3",
              "parentUUID": "d5f33b99-fcc9-4bbe-89c5-8a1bc12d3205",
              "isHook": false,
              "skipped": false
            },
            {
              "title": "TC_002: Generate report for All Clients",
              "fullTitle": "Between Date XIRR Report TC_002: Generate report for All Clients",
              "timedOut": null,
              "duration": 9728,
              "state": "passed",
              "speed": "medium",
              "pass": true,
              "fail": false,
              "pending": false,
              "context": null,
              "code": "cy.visit(baseUrl);\ncy.get('select[name=\"selectViewBy\"]').select('Client');\ncy.get('input[name=\"clientShowType\"][value=\"2\"]').check({\n  force: true\n});\ncy.intercept('POST', '/MutualFund/allocation/allocation-fund-report').as('allocation-fund-report');\ncy.get('#btn_web').click();\n// Validate the API And the Reports Should be visible \ncy.wait('@allocation-fund-report').its('response.statusCode').should('eq', 200);\ncy.get('#monthlyexample').should('be.visible').and('contain', 'Valuation Wise Allocation');",
              "err": {},
              "uuid": "906e41c1-9454-48bc-b510-09240b881579",
              "parentUUID": "d5f33b99-fcc9-4bbe-89c5-8a1bc12d3205",
              "isHook": false,
              "skipped": false
            },
            {
              "title": "TC_003: Generate report with Family, All Funds, Manually",
              "fullTitle": "Between Date XIRR Report TC_003: Generate report with Family, All Funds, Manually",
              "timedOut": null,
              "duration": 9961,
              "state": "passed",
              "speed": "medium",
              "pass": true,
              "fail": false,
              "pending": false,
              "context": null,
              "code": "cy.visit(baseUrl);\ncy.get('select[name=\"selectViewBy\"]').select('Client');\ncy.get('input[name=\"clientShowType\"][value=\"1\"]').check({\n  force: true\n});\n// Select the  Name\ncy.get('input[name=\"searchClient\"]').clear().type('Abhishek Singh Parihar');\ncy.get('#loadClient').should('be.visible').contains('li', 'Abhishek Singh Parihar').click();\ncy.wait(3000);\ncy.intercept('POST', '/MutualFund/allocation/allocation-fund-report').as('allocation-fund-report');\ncy.get('#btn_web').click();\n// Validate the API And the Reports Should be visible \ncy.wait('@allocation-fund-report').its('response.statusCode').should('eq', 200);\ncy.get('#monthlyexample > tbody > tr > td.text-left.sorting_1').should('be.visible').and('contain', familyName);",
              "err": {},
              "uuid": "eb156c06-f6d4-43e5-b8ba-9297427c363f",
              "parentUUID": "d5f33b99-fcc9-4bbe-89c5-8a1bc12d3205",
              "isHook": false,
              "skipped": false
            },
            {
              "title": "TC_004: Generate report for All Clients",
              "fullTitle": "Between Date XIRR Report TC_004: Generate report for All Clients",
              "timedOut": null,
              "duration": 7576,
              "state": "passed",
              "speed": "medium",
              "pass": true,
              "fail": false,
              "pending": false,
              "context": null,
              "code": "cy.visit(baseUrl);\ncy.get('select[name=\"selectViewBy\"]').select('Family');\ncy.get('input[name=\"clientShowType\"][value=\"2\"]').check({\n  force: true\n});\ncy.intercept('POST', '/MutualFund/allocation/allocation-fund-report').as('allocation-fund-report');\ncy.get('#btn_web').click();\n// Validate the API And the Reports Should be visible \ncy.wait('@allocation-fund-report').its('response.statusCode').should('eq', 200);\ncy.get('#monthlyexample').should('be.visible').and('contain', 'Valuation Wise Allocation');",
              "err": {},
              "uuid": "bf97c71a-bb23-492b-963c-2371597a0d03",
              "parentUUID": "d5f33b99-fcc9-4bbe-89c5-8a1bc12d3205",
              "isHook": false,
              "skipped": false
            }
          ],
          "suites": [],
          "passes": [
            "223ca6a4-96af-4f2d-bf42-7173121c60e3",
            "906e41c1-9454-48bc-b510-09240b881579",
            "eb156c06-f6d4-43e5-b8ba-9297427c363f",
            "bf97c71a-bb23-492b-963c-2371597a0d03"
          ],
          "failures": [],
          "pending": [],
          "skipped": [],
          "duration": 46731,
          "root": false,
          "rootEmpty": false,
          "_timeout": 2000
        }
      ],
      "passes": [],
      "failures": [],
      "pending": [],
      "skipped": [],
      "duration": 0,
      "root": true,
      "rootEmpty": true,
      "_timeout": 2000
    }
  ],
  "meta": {
    "mocha": {
      "version": "7.0.1"
    },
    "mochawesome": {
      "options": {
        "quiet": false,
        "reportFilename": "reports",
        "saveHtml": true,
        "saveJson": true,
        "consoleReporter": "spec",
        "useInlineDiffs": false,
        "code": true
      },
      "version": "7.1.3"
    },
    "marge": {
      "options": {
        "reportDir": "cypress/reports/mochawesome/",
        "reportFilename": "reports",
        "html": true,
        "json": true,
        "overwrite": true,
        "timestamp": "yyyy-mm-dd_HH-MM-ss",
        "charts": true,
        "inline": true
      },
      "version": "6.2.0"
    }
  }
}