{
  "stats": {
    "suites": 1,
    "tests": 4,
    "passes": 4,
    "pending": 0,
    "failures": 0,
    "start": "2025-04-28T13:31:43.674Z",
    "end": "2025-04-28T13:33:22.557Z",
    "duration": 98883,
    "testsRegistered": 4,
    "passPercent": 100,
    "pendingPercent": 0,
    "other": 0,
    "hasOther": false,
    "skipped": 0,
    "hasSkipped": false
  },
  "results": [
    {
      "uuid": "0e652d8b-98b8-49f5-a2db-5e7837269761",
      "title": "",
      "fullFile": "cypress\\e2e\\Mutual\\New_FY_Wise_Report.cy.js",
      "file": "cypress\\e2e\\Mutual\\New_FY_Wise_Report.cy.js",
      "beforeHooks": [],
      "afterHooks": [],
      "tests": [],
      "suites": [
        {
          "uuid": "7744aabb-ce34-407c-b854-d9379685f314",
          "title": "Validate the P&L Report ",
          "fullFile": "",
          "file": "",
          "beforeHooks": [],
          "afterHooks": [],
          "tests": [
            {
              "title": "TC_001: Client View, FY Year &  All Fund types Report",
              "fullTitle": "Validate the P&L Report  TC_001: Client View, FY Year &  All Fund types Report",
              "timedOut": null,
              "duration": 29731,
              "state": "passed",
              "speed": "slow",
              "pass": true,
              "fail": false,
              "pending": false,
              "context": null,
              "code": "cy.visit(baseUrl);\ncy.get('select[name=\"selectViewBy\"]').select('Client');\n// Select the Client Name\ncy.get('input[name=\"searchClient\"]').clear().type('Abhishek Singh Parihar');\ncy.get('#loadClient').should('be.visible').contains('li', 'Abhishek Singh Parihar').click();\ncy.wait(3000);\ncy.get('input[name=\"dateOption\"][value=\"1\"]').check({\n  force: true\n});\ncy.get('select[name=\"fyYear\"]').select('2021-2022');\ncy.get('input[name=\"vfunds\"][value=\"1\"]').check({\n  force: true\n});\ncy.wait(3000);\n// cy.get(\"#all_schm\").click();\n// cy.get(\"#selected-funds-model .modal-footer button\").click();\ncy.intercept('POST', '/MutualFund/financial-year/financial-year-report').as('financial-year-report');\ncy.get('#btn_web').click();\ncy.wait('@financial-year-report').its('response.statusCode').should('eq', 200);\ncy.get('.report-result-panel').should('contain', clientName);",
              "err": {},
              "uuid": "733d99f6-ceed-4bb3-a6f6-9a385ecbbfe7",
              "parentUUID": "7744aabb-ce34-407c-b854-d9379685f314",
              "isHook": false,
              "skipped": false
            },
            {
              "title": "TC_002: Family View, FY Year &  All Fund types Report",
              "fullTitle": "Validate the P&L Report  TC_002: Family View, FY Year &  All Fund types Report",
              "timedOut": null,
              "duration": 25648,
              "state": "passed",
              "speed": "slow",
              "pass": true,
              "fail": false,
              "pending": false,
              "context": null,
              "code": "cy.visit(baseUrl);\ncy.get('select[name=\"selectViewBy\"]').select('Family');\n// Select the Client Name\ncy.get('input[name=\"searchClient\"]').clear().type('Abhishek Singh Parihar');\ncy.get('#loadClient').should('be.visible').contains('li', 'Abhishek Singh Parihar').click();\ncy.wait(3000);\ncy.get('input[name=\"dateOption\"][value=\"1\"]').check({\n  force: true\n});\ncy.get('select[name=\"fyYear\"]').select('2024-2025');\ncy.get('input[name=\"vfunds\"][value=\"1\"]').check({\n  force: true\n});\ncy.wait(3000);\n// cy.get(\"#all_schm\").click();\n// cy.get(\"#selected-funds-model .modal-footer button\").click();\ncy.intercept('POST', '/MutualFund/financial-year/financial-year-report').as('financial-year-report');\ncy.get('#btn_web').click();\ncy.wait('@financial-year-report').its('response.statusCode').should('eq', 200);\ncy.get('.report-result-panel').should('contain', familyName);",
              "err": {},
              "uuid": "5d65e74a-bbdd-46c9-94db-678bbae5891d",
              "parentUUID": "7744aabb-ce34-407c-b854-d9379685f314",
              "isHook": false,
              "skipped": false
            },
            {
              "title": "TC_003: Client View, FY Year &  All Fund types Report",
              "fullTitle": "Validate the P&L Report  TC_003: Client View, FY Year &  All Fund types Report",
              "timedOut": null,
              "duration": 16793,
              "state": "passed",
              "speed": "slow",
              "pass": true,
              "fail": false,
              "pending": false,
              "context": null,
              "code": "cy.visit(baseUrl);\ncy.get('select[name=\"selectViewBy\"]').select('Client');\n// Select the  Name\ncy.get('input[name=\"searchClient\"]').clear().type('Abhishek Singh Parihar');\ncy.get('#loadClient').should('be.visible').contains('li', 'Abhishek Singh Parihar').click();\ncy.wait(3000);\ncy.get('input[name=\"dateOption\"][value=\"2\"]').check({\n  force: true\n});\ncy.get('#startDate').clear().type('2021-06-01{esc}');\ncy.get('#endDate').clear().type('2021-09-30{esc}');\ncy.get('input[name=\"vfunds\"][value=\"2\"]').check({\n  force: true\n});\ncy.wait(2000);\ncy.get(\"#all_schm\").click();\ncy.get(\"#selected-funds-model .modal-footer button\").click();\ncy.intercept('POST', '/MutualFund/financial-year/financial-year-report').as('financial-year-report');\ncy.get('#btn_web').click();\ncy.wait('@financial-year-report').its('response.statusCode').should('eq', 200);\ncy.get('.report-result-panel').should('contain', clientName);",
              "err": {},
              "uuid": "daaaef8d-5f0e-4bd6-b17c-adb2b39207f4",
              "parentUUID": "7744aabb-ce34-407c-b854-d9379685f314",
              "isHook": false,
              "skipped": false
            },
            {
              "title": "TC_003: Family View, FY Year &  All Fund types Report",
              "fullTitle": "Validate the P&L Report  TC_003: Family View, FY Year &  All Fund types Report",
              "timedOut": null,
              "duration": 23404,
              "state": "passed",
              "speed": "slow",
              "pass": true,
              "fail": false,
              "pending": false,
              "context": null,
              "code": "cy.visit(baseUrl);\ncy.get('select[name=\"selectViewBy\"]').select('Family');\n// Select the  Name\ncy.get('input[name=\"searchClient\"]').clear().type('Abhishek Singh Parihar');\ncy.get('#loadClient').should('be.visible').contains('li', 'Abhishek Singh Parihar').click();\ncy.wait(3000);\ncy.get('input[name=\"dateOption\"][value=\"1\"]').check({\n  force: true\n});\ncy.get('select[name=\"fyYear\"]').select('2024-2025');\ncy.get('input[name=\"vfunds\"][value=\"2\"]').check({\n  force: true\n});\ncy.wait(2000);\ncy.get(\"#schm_3\").click();\ncy.get(\"#selected-funds-model .modal-footer button\").click();\ncy.intercept('POST', '/MutualFund/financial-year/financial-year-report').as('financial-year-report');\ncy.get('#btn_web').click();\ncy.wait('@financial-year-report').its('response.statusCode').should('eq', 200);\ncy.get('.report-result-panel').should('contain', familyName);",
              "err": {},
              "uuid": "73b1947f-9e35-47d5-90b2-0c35e48cc608",
              "parentUUID": "7744aabb-ce34-407c-b854-d9379685f314",
              "isHook": false,
              "skipped": false
            }
          ],
          "suites": [],
          "passes": [
            "733d99f6-ceed-4bb3-a6f6-9a385ecbbfe7",
            "5d65e74a-bbdd-46c9-94db-678bbae5891d",
            "daaaef8d-5f0e-4bd6-b17c-adb2b39207f4",
            "73b1947f-9e35-47d5-90b2-0c35e48cc608"
          ],
          "failures": [],
          "pending": [],
          "skipped": [],
          "duration": 95576,
          "root": false,
          "rootEmpty": false,
          "_timeout": 2000
        }
      ],
      "passes": [],
      "failures": [],
      "pending": [],
      "skipped": [],
      "duration": 0,
      "root": true,
      "rootEmpty": true,
      "_timeout": 2000
    }
  ],
  "meta": {
    "mocha": {
      "version": "7.0.1"
    },
    "mochawesome": {
      "options": {
        "quiet": false,
        "reportFilename": "reports",
        "saveHtml": true,
        "saveJson": true,
        "consoleReporter": "spec",
        "useInlineDiffs": false,
        "code": true
      },
      "version": "7.1.3"
    },
    "marge": {
      "options": {
        "reportDir": "cypress/reports/mochawesome/",
        "reportFilename": "reports",
        "html": true,
        "json": true,
        "overwrite": true,
        "timestamp": "yyyy-mm-dd_HH-MM-ss",
        "charts": true,
        "inline": true
      },
      "version": "6.2.0"
    }
  }
}