{
  "stats": {
    "suites": 1,
    "tests": 3,
    "passes": 1,
    "pending": 0,
    "failures": 2,
    "start": "2025-04-28T13:57:27.279Z",
    "end": "2025-04-28T13:58:07.148Z",
    "duration": 39869,
    "testsRegistered": 3,
    "passPercent": 33.33333333333333,
    "pendingPercent": 0,
    "other": 0,
    "hasOther": false,
    "skipped": 0,
    "hasSkipped": false
  },
  "results": [
    {
      "uuid": "bab6b5a1-30be-44a7-baf9-fe9a2fe336a7",
      "title": "",
      "fullFile": "cypress\\e2e\\Mutual\\AUM_By_Client.cy.js",
      "file": "cypress\\e2e\\Mutual\\AUM_By_Client.cy.js",
      "beforeHooks": [],
      "afterHooks": [],
      "tests": [],
      "suites": [
        {
          "uuid": "ab21de6e-084b-4394-9c21-f821ad0a8f6e",
          "title": "AUM Report",
          "fullFile": "",
          "file": "",
          "beforeHooks": [],
          "afterHooks": [],
          "tests": [
            {
              "title": "TC_01:Generate AUM Report by Client with default date and all ARN",
              "fullTitle": "AUM Report TC_01:Generate AUM Report by Client with default date and all ARN",
              "timedOut": null,
              "duration": 20964,
              "state": "passed",
              "speed": "slow",
              "pass": true,
              "fail": false,
              "pending": false,
              "context": null,
              "code": "cy.visit(baseUrl);\ncy.intercept('POST', '/MutualFund/aum-master/aum-all-clients').as('aum-all-clients');\ncy.get('#btn_web').click();\n// Validate the API And the Reports Should be visible \ncy.wait('@aum-all-clients').its('response.statusCode').should('eq', 200);\ncy.get('#example_wrapper').should('be.visible');",
              "err": {},
              "uuid": "00e8df13-7b79-42aa-8b89-c30bda1d377f",
              "parentUUID": "ab21de6e-084b-4394-9c21-f821ad0a8f6e",
              "isHook": false,
              "skipped": false
            },
            {
              "title": "TC_021:Generate AUM Reports by ScheClient me with selected date and selected ARN & Folio Consolidation Mode",
              "fullTitle": "AUM Report TC_021:Generate AUM Reports by ScheClient me with selected date and selected ARN & Folio Consolidation Mode",
              "timedOut": null,
              "duration": 7764,
              "state": "failed",
              "speed": null,
              "pass": false,
              "fail": true,
              "pending": false,
              "context": "{\n  \"title\": \"cypress-mochawesome-reporter-screenshots\",\n  \"value\": [\n    [\n      \"\\\\AUM_By_Client.cy.js\\\\AUM Report -- TC_021Generate AUM Reports by ScheClient me with selected date and selected ARN & Folio Consolidation Mode (failed).png\"\n    ]\n  ]\n}",
              "code": "cy.visit(baseUrl);\ncy.get('#aumReportDate').select('2025-04-13');\ncy.get('#arnNo').select('ARN-69442').should('have.value', 'ARN-69442');\ncy.get('[name=\"folioMode\"][value=\"1\"]').check({\n  force: true\n});\ncy.intercept('POST', '/MutualFund/aum-master/aum-all-clients').as('aum-all-clients');\ncy.get('#btn_web').click();\n// Validate the API And the Reports Should be visible \ncy.wait('@aum-all-clients').its('response.statusCode').should('eq', 200);\ncy.get('#example_wrapper').should('be.visible');",
              "err": {
                "message": "CypressError: Timed out retrying after 4000ms: `cy.select()` failed because it could not find a single `<option>` with value, index, or text matching: `2025-04-13`\n\nhttps://on.cypress.io/select",
                "estack": "CypressError: Timed out retrying after 4000ms: `cy.select()` failed because it could not find a single `<option>` with value, index, or text matching: `2025-04-13`\n\nhttps://on.cypress.io/select\n    at getOptions (https://wealthelite.in/__cypress/runner/cypress_runner.js:114180:72)\n    at tryCatcher (https://wealthelite.in/__cypress/runner/cypress_runner.js:1830:23)\n    at Promise.attempt.Promise.try (https://wealthelite.in/__cypress/runner/cypress_runner.js:4338:29)\n    at retryOptions (https://wealthelite.in/__cypress/runner/cypress_runner.js:114212:70)\n    at tryCatcher (https://wealthelite.in/__cypress/runner/cypress_runner.js:1830:23)\n    at Promise.attempt.Promise.try (https://wealthelite.in/__cypress/runner/cypress_runner.js:4338:29)\n    at whenStable (https://wealthelite.in/__cypress/runner/cypress_runner.js:143744:68)\n    at <unknown> (https://wealthelite.in/__cypress/runner/cypress_runner.js:143685:14)\n    at tryCatcher (https://wealthelite.in/__cypress/runner/cypress_runner.js:1830:23)\n    at Promise._settlePromiseFromHandler (https://wealthelite.in/__cypress/runner/cypress_runner.js:1542:31)\n    at Promise._settlePromise (https://wealthelite.in/__cypress/runner/cypress_runner.js:1599:18)\n    at Promise._settlePromise0 (https://wealthelite.in/__cypress/runner/cypress_runner.js:1644:10)\n    at Promise._settlePromises (https://wealthelite.in/__cypress/runner/cypress_runner.js:1724:18)\n    at Promise._fulfill (https://wealthelite.in/__cypress/runner/cypress_runner.js:1668:18)\n    at <unknown> (https://wealthelite.in/__cypress/runner/cypress_runner.js:5473:46)\nFrom Your Spec Code:\n    at Context.eval (webpack://wealthelite/./cypress/e2e/Mutual/AUM_By_Client.cy.js:36:33)",
                "diff": null
              },
              "uuid": "63117021-65e3-4b15-99b7-7dcd4792e459",
              "parentUUID": "ab21de6e-084b-4394-9c21-f821ad0a8f6e",
              "isHook": false,
              "skipped": false
            },
            {
              "title": "TC_03:Generate AUM Report  by Client with selected date and all ARN Folio Split Mode",
              "fullTitle": "AUM Report TC_03:Generate AUM Report  by Client with selected date and all ARN Folio Split Mode",
              "timedOut": null,
              "duration": 8196,
              "state": "failed",
              "speed": null,
              "pass": false,
              "fail": true,
              "pending": false,
              "context": "{\n  \"title\": \"cypress-mochawesome-reporter-screenshots\",\n  \"value\": [\n    [\n      \"\\\\AUM_By_Client.cy.js\\\\AUM Report -- TC_03Generate AUM Report  by Client with selected date and all ARN Folio Split Mode (failed).png\"\n    ]\n  ]\n}",
              "code": "cy.visit(baseUrl);\ncy.get('#aumReportDate').select('2025-04-16');\ncy.get('[name=\"folioMode\"][value=\"2\"]').check({\n  force: true\n});\ncy.intercept('POST', '/MutualFund/aum-master/aum-all-clients').as('aum-all-clients');\ncy.get('#btn_web').click();\n// Validate the API And the Reports Should be visible \ncy.wait('@aum-all-clients').its('response.statusCode').should('eq', 200);\ncy.get('#example_wrapper').should('be.visible');",
              "err": {
                "message": "CypressError: Timed out retrying after 4000ms: `cy.select()` failed because it could not find a single `<option>` with value, index, or text matching: `2025-04-16`\n\nhttps://on.cypress.io/select",
                "estack": "CypressError: Timed out retrying after 4000ms: `cy.select()` failed because it could not find a single `<option>` with value, index, or text matching: `2025-04-16`\n\nhttps://on.cypress.io/select\n    at getOptions (https://wealthelite.in/__cypress/runner/cypress_runner.js:114180:72)\n    at tryCatcher (https://wealthelite.in/__cypress/runner/cypress_runner.js:1830:23)\n    at Promise.attempt.Promise.try (https://wealthelite.in/__cypress/runner/cypress_runner.js:4338:29)\n    at retryOptions (https://wealthelite.in/__cypress/runner/cypress_runner.js:114212:70)\n    at tryCatcher (https://wealthelite.in/__cypress/runner/cypress_runner.js:1830:23)\n    at Promise.attempt.Promise.try (https://wealthelite.in/__cypress/runner/cypress_runner.js:4338:29)\n    at whenStable (https://wealthelite.in/__cypress/runner/cypress_runner.js:143744:68)\n    at <unknown> (https://wealthelite.in/__cypress/runner/cypress_runner.js:143685:14)\n    at tryCatcher (https://wealthelite.in/__cypress/runner/cypress_runner.js:1830:23)\n    at Promise._settlePromiseFromHandler (https://wealthelite.in/__cypress/runner/cypress_runner.js:1542:31)\n    at Promise._settlePromise (https://wealthelite.in/__cypress/runner/cypress_runner.js:1599:18)\n    at Promise._settlePromise0 (https://wealthelite.in/__cypress/runner/cypress_runner.js:1644:10)\n    at Promise._settlePromises (https://wealthelite.in/__cypress/runner/cypress_runner.js:1724:18)\n    at Promise._fulfill (https://wealthelite.in/__cypress/runner/cypress_runner.js:1668:18)\n    at <unknown> (https://wealthelite.in/__cypress/runner/cypress_runner.js:5473:46)\nFrom Your Spec Code:\n    at Context.eval (webpack://wealthelite/./cypress/e2e/Mutual/AUM_By_Client.cy.js:57:33)",
                "diff": null
              },
              "uuid": "154ed4da-bbc9-4b0e-86e5-318a4a83e74a",
              "parentUUID": "ab21de6e-084b-4394-9c21-f821ad0a8f6e",
              "isHook": false,
              "skipped": false
            }
          ],
          "suites": [],
          "passes": [
            "00e8df13-7b79-42aa-8b89-c30bda1d377f"
          ],
          "failures": [
            "63117021-65e3-4b15-99b7-7dcd4792e459",
            "154ed4da-bbc9-4b0e-86e5-318a4a83e74a"
          ],
          "pending": [],
          "skipped": [],
          "duration": 36924,
          "root": false,
          "rootEmpty": false,
          "_timeout": 2000
        }
      ],
      "passes": [],
      "failures": [],
      "pending": [],
      "skipped": [],
      "duration": 0,
      "root": true,
      "rootEmpty": true,
      "_timeout": 2000
    }
  ],
  "meta": {
    "mocha": {
      "version": "7.0.1"
    },
    "mochawesome": {
      "options": {
        "quiet": false,
        "reportFilename": "reports",
        "saveHtml": true,
        "saveJson": true,
        "consoleReporter": "spec",
        "useInlineDiffs": false,
        "code": true
      },
      "version": "7.1.3"
    },
    "marge": {
      "options": {
        "reportDir": "cypress/reports/mochawesome/",
        "reportFilename": "reports",
        "html": true,
        "json": true,
        "overwrite": true,
        "timestamp": "yyyy-mm-dd_HH-MM-ss",
        "charts": true,
        "inline": true
      },
      "version": "6.2.0"
    }
  }
}