{
  "stats": {
    "suites": 1,
    "tests": 4,
    "passes": 3,
    "pending": 0,
    "failures": 1,
    "start": "2025-04-28T11:54:36.666Z",
    "end": "2025-04-28T11:56:13.740Z",
    "duration": 97074,
    "testsRegistered": 4,
    "passPercent": 75,
    "pendingPercent": 0,
    "other": 0,
    "hasOther": false,
    "skipped": 0,
    "hasSkipped": false
  },
  "results": [
    {
      "uuid": "eb19b483-1957-4303-8863-5f0cf70392da",
      "title": "",
      "fullFile": "cypress\\e2e\\Mutual\\New_Allocation_Report.cy.js",
      "file": "cypress\\e2e\\Mutual\\New_Allocation_Report.cy.js",
      "beforeHooks": [],
      "afterHooks": [],
      "tests": [],
      "suites": [
        {
          "uuid": "635ee037-b0d3-47d2-b1c3-d32d7c121ba5",
          "title": "Between Date XIRR Report",
          "fullFile": "",
          "file": "",
          "beforeHooks": [],
          "afterHooks": [],
          "tests": [
            {
              "title": "TC_001: Generate report with Client, All Funds, Manually",
              "fullTitle": "Between Date XIRR Report TC_001: Generate report with Client, All Funds, Manually",
              "timedOut": null,
              "duration": 32471,
              "state": "passed",
              "speed": "slow",
              "pass": true,
              "fail": false,
              "pending": false,
              "context": null,
              "code": "cy.visit(baseUrl);\ncy.get('select[name=\"selectViewBy\"]').select('Client');\ncy.get('input[name=\"clientShowType\"][value=\"1\"]').check({\n  force: true\n});\n// Select the  Name\ncy.get('input[name=\"searchClient\"]').clear().type('Abhishek Singh Parihar');\ncy.get('#loadClient').should('be.visible').contains('li', 'Abhishek Singh Parihar').click();\ncy.wait(3000);\ncy.intercept('POST', '/MutualFund/allocation/allocation-fund-report').as('allocation-fund-report');\ncy.get('#btn_web').click();\n// Validate the API And the Reports Should be visible \ncy.wait('@allocation-fund-report').its('response.statusCode').should('eq', 200);\ncy.get('#monthlyexample > tbody > tr > td.text-left.sorting_1').should('be.visible').and('contain', clientName);",
              "err": {},
              "uuid": "0ce1aa57-584c-49d8-a6bd-378008b8cedd",
              "parentUUID": "635ee037-b0d3-47d2-b1c3-d32d7c121ba5",
              "isHook": false,
              "skipped": false
            },
            {
              "title": "TC_002: Generate report for All Clients",
              "fullTitle": "Between Date XIRR Report TC_002: Generate report for All Clients",
              "timedOut": null,
              "duration": 15321,
              "state": "passed",
              "speed": "slow",
              "pass": true,
              "fail": false,
              "pending": false,
              "context": null,
              "code": "cy.visit(baseUrl);\ncy.get('select[name=\"selectViewBy\"]').select('Client');\ncy.get('input[name=\"clientShowType\"][value=\"2\"]').check({\n  force: true\n});\ncy.intercept('POST', '/MutualFund/allocation/allocation-fund-report').as('allocation-fund-report');\ncy.get('#btn_web').click();\n// Validate the API And the Reports Should be visible \ncy.wait('@allocation-fund-report').its('response.statusCode').should('eq', 200);\ncy.get('#monthlyexample').should('be.visible').and('contain', 'Valuation Wise Allocation');",
              "err": {},
              "uuid": "3154072f-a593-4c14-a0d5-010a50618f6f",
              "parentUUID": "635ee037-b0d3-47d2-b1c3-d32d7c121ba5",
              "isHook": false,
              "skipped": false
            },
            {
              "title": "TC_003: Generate report with Family, All Funds, Manually",
              "fullTitle": "Between Date XIRR Report TC_003: Generate report with Family, All Funds, Manually",
              "timedOut": null,
              "duration": 17107,
              "state": "passed",
              "speed": "slow",
              "pass": true,
              "fail": false,
              "pending": false,
              "context": null,
              "code": "cy.visit(baseUrl);\ncy.get('select[name=\"selectViewBy\"]').select('Client');\ncy.get('input[name=\"clientShowType\"][value=\"1\"]').check({\n  force: true\n});\n// Select the  Name\ncy.get('input[name=\"searchClient\"]').clear().type('Abhishek Singh Parihar');\ncy.get('#loadClient').should('be.visible').contains('li', 'Abhishek Singh Parihar').click();\ncy.wait(3000);\ncy.intercept('POST', '/MutualFund/allocation/allocation-fund-report').as('allocation-fund-report');\ncy.get('#btn_web').click();\n// Validate the API And the Reports Should be visible \ncy.wait('@allocation-fund-report').its('response.statusCode').should('eq', 200);\ncy.get('#monthlyexample > tbody > tr > td.text-left.sorting_1').should('be.visible').and('contain', familyName);",
              "err": {},
              "uuid": "37d4e014-5103-449f-b752-39681a4def43",
              "parentUUID": "635ee037-b0d3-47d2-b1c3-d32d7c121ba5",
              "isHook": false,
              "skipped": false
            },
            {
              "title": "TC_004: Generate report for All Clients",
              "fullTitle": "Between Date XIRR Report TC_004: Generate report for All Clients",
              "timedOut": null,
              "duration": 19859,
              "state": "failed",
              "speed": null,
              "pass": false,
              "fail": true,
              "pending": false,
              "context": "{\n  \"title\": \"cypress-mochawesome-reporter-screenshots\",\n  \"value\": [\n    [\n      \"\\\\New_Allocation_Report.cy.js\\\\Between Date XIRR Report -- TC_004 Generate report for All Clients (failed).png\"\n    ]\n  ]\n}",
              "code": "cy.visit(baseUrl);\ncy.get('select[name=\"selectViewBy\"]').select('Family');\ncy.get('input[name=\"clientShowType\"][value=\"2\"]').check({\n  force: true\n});\ncy.intercept('POST', '/MutualFund/allocation/allocation-fund-report').as('allocation-fund-report');\ncy.get('#btn_web').click();\n// Validate the API And the Reports Should be visible \ncy.wait('@allocation-fund-report').its('response.statusCode').should('eq', 200);\ncy.get('#monthlyexample').should('be.visible').and('contain', 'Valuation Wise Allocation');",
              "err": {
                "message": "CypressError: Timed out retrying after 4050ms: `cy.click()` failed because this element:\n\n`<button type=\"button\" id=\"btn_web\" class=\"btn btn-success\" onclick=\"allocationFilterData(1);\">Show</button>`\n\nis being covered by another element:\n\n`<li onclick=\"loadUser(this,&quot;13347367096&quot;, &quot;none&quot;,&quot;123896&quot;,&quot;&quot;,&quot;akakcm@gmail.com&quot;,&quot;&quot;,&quot;AADCM9617K&quot;,&quot;A K A Consultants (i) Pvt Ltd&quot;)\" value=\"13347367096\">A K A C...</li>`\n\nFix this problem, or use {force: true} to disable error checking.\n\nhttps://on.cypress.io/element-cannot-be-interacted-with",
                "estack": "CypressError: Timed out retrying after 4050ms: `cy.click()` failed because this element:\n\n`<button type=\"button\" id=\"btn_web\" class=\"btn btn-success\" onclick=\"allocationFilterData(1);\">Show</button>`\n\nis being covered by another element:\n\n`<li onclick=\"loadUser(this,&quot;13347367096&quot;, &quot;none&quot;,&quot;123896&quot;,&quot;&quot;,&quot;akakcm@gmail.com&quot;,&quot;&quot;,&quot;AADCM9617K&quot;,&quot;A K A Consultants (i) Pvt Ltd&quot;)\" value=\"13347367096\">A K A C...</li>`\n\nFix this problem, or use {force: true} to disable error checking.\n\nhttps://on.cypress.io/element-cannot-be-interacted-with\n    at ensureIsDescendent (https://wealthelite.in/__cypress/runner/cypress_runner.js:112915:68)\n    at ensureDescendents (https://wealthelite.in/__cypress/runner/cypress_runner.js:112966:5)\n    at ensureDescendentsAndScroll (https://wealthelite.in/__cypress/runner/cypress_runner.js:112972:14)\n    at ensureElIsNotCovered (https://wealthelite.in/__cypress/runner/cypress_runner.js:113103:5)\n    at runAllChecks (https://wealthelite.in/__cypress/runner/cypress_runner.js:113302:52)\n    at retryActionability (https://wealthelite.in/__cypress/runner/cypress_runner.js:113339:16)\n    at tryCatcher (https://wealthelite.in/__cypress/runner/cypress_runner.js:1830:23)\n    at Promise.attempt.Promise.try (https://wealthelite.in/__cypress/runner/cypress_runner.js:4338:29)\n    at whenStable (https://wealthelite.in/__cypress/runner/cypress_runner.js:143744:68)\n    at <unknown> (https://wealthelite.in/__cypress/runner/cypress_runner.js:143685:14)\n    at tryCatcher (https://wealthelite.in/__cypress/runner/cypress_runner.js:1830:23)\n    at Promise._settlePromiseFromHandler (https://wealthelite.in/__cypress/runner/cypress_runner.js:1542:31)\n    at Promise._settlePromise (https://wealthelite.in/__cypress/runner/cypress_runner.js:1599:18)\n    at Promise._settlePromise0 (https://wealthelite.in/__cypress/runner/cypress_runner.js:1644:10)\n    at Promise._settlePromises (https://wealthelite.in/__cypress/runner/cypress_runner.js:1724:18)\n    at Promise._fulfill (https://wealthelite.in/__cypress/runner/cypress_runner.js:1668:18)\n    at <unknown> (https://wealthelite.in/__cypress/runner/cypress_runner.js:5473:46)\nFrom Your Spec Code:\n    at Context.eval (webpack://wealthelite/./cypress/e2e/Mutual/New_Allocation_Report.cy.js:94:27)",
                "diff": null
              },
              "uuid": "7751b1b3-432f-4cc9-b6f4-5b0dce100a44",
              "parentUUID": "635ee037-b0d3-47d2-b1c3-d32d7c121ba5",
              "isHook": false,
              "skipped": false
            }
          ],
          "suites": [],
          "passes": [
            "0ce1aa57-584c-49d8-a6bd-378008b8cedd",
            "3154072f-a593-4c14-a0d5-010a50618f6f",
            "37d4e014-5103-449f-b752-39681a4def43"
          ],
          "failures": [
            "7751b1b3-432f-4cc9-b6f4-5b0dce100a44"
          ],
          "pending": [],
          "skipped": [],
          "duration": 84758,
          "root": false,
          "rootEmpty": false,
          "_timeout": 2000
        }
      ],
      "passes": [],
      "failures": [],
      "pending": [],
      "skipped": [],
      "duration": 0,
      "root": true,
      "rootEmpty": true,
      "_timeout": 2000
    }
  ],
  "meta": {
    "mocha": {
      "version": "7.0.1"
    },
    "mochawesome": {
      "options": {
        "quiet": false,
        "reportFilename": "reports",
        "saveHtml": true,
        "saveJson": true,
        "consoleReporter": "spec",
        "useInlineDiffs": false,
        "code": true
      },
      "version": "7.1.3"
    },
    "marge": {
      "options": {
        "reportDir": "cypress/reports/mochawesome/",
        "reportFilename": "reports",
        "html": true,
        "json": true,
        "overwrite": true,
        "timestamp": "yyyy-mm-dd_HH-MM-ss",
        "charts": true,
        "inline": true
      },
      "version": "6.2.0"
    }
  }
}