{
  "stats": {
    "suites": 1,
    "tests": 7,
    "passes": 7,
    "pending": 0,
    "failures": 0,
    "start": "2025-04-28T11:56:26.073Z",
    "end": "2025-04-28T11:58:57.897Z",
    "duration": 151824,
    "testsRegistered": 7,
    "passPercent": 100,
    "pendingPercent": 0,
    "other": 0,
    "hasOther": false,
    "skipped": 0,
    "hasSkipped": false
  },
  "results": [
    {
      "uuid": "9224febc-22bc-42e1-b0fa-6399987bcaa4",
      "title": "",
      "fullFile": "cypress\\e2e\\Mutual\\New_Between_date_XIRR.cy.js",
      "file": "cypress\\e2e\\Mutual\\New_Between_date_XIRR.cy.js",
      "beforeHooks": [],
      "afterHooks": [],
      "tests": [],
      "suites": [
        {
          "uuid": "2607530b-9513-403c-838d-0a1321df4541",
          "title": "Between Date XIRR Report",
          "fullFile": "",
          "file": "",
          "beforeHooks": [],
          "afterHooks": [],
          "tests": [
            {
              "title": "TC_001: Generate report with Client, All Funds, Manually",
              "fullTitle": "Between Date XIRR Report TC_001: Generate report with Client, All Funds, Manually",
              "timedOut": null,
              "duration": 33445,
              "state": "passed",
              "speed": "slow",
              "pass": true,
              "fail": false,
              "pending": false,
              "context": null,
              "code": "cy.visit(baseUrl);\ncy.get('select[name=\"selectViewBy\"]').select('Client');\ncy.get('input[placeholder=\"Search client\"]').type(clientName);\ncy.get('#loadClient > li').contains(clientName).click();\ncy.wait(3000);\ncy.get('#fromDate').clear().type(`${fromDate}{esc}`);\ncy.get('#toDate').clear().type(`${toDate}{esc}`);\ncy.get('select[name=\"ftype\"]').select('all');\ncy.get('#manually').check({\n  force: true\n});\ncy.intercept('POST', '/MutualFund/pl/xirr-report-data').as('xirr-report-data');\ncy.get('#btn_web').click();\n// Validate the API And the Reports Should be visible \ncy.wait('@xirr-report-data').its('response.statusCode').should('eq', 200);\ncy.get('.summery-inner-contaner').should('be.visible');\ncy.get('.report-result-panel > :nth-child(1) > :nth-child(2)').should('contain', clientName);",
              "err": {},
              "uuid": "5704ac53-f73e-4672-a4c0-62662c695272",
              "parentUUID": "2607530b-9513-403c-838d-0a1321df4541",
              "isHook": false,
              "skipped": false
            },
            {
              "title": "TC_002: Generate report with Client, Equity Funds, Manually",
              "fullTitle": "Between Date XIRR Report TC_002: Generate report with Client, Equity Funds, Manually",
              "timedOut": null,
              "duration": 19260,
              "state": "passed",
              "speed": "slow",
              "pass": true,
              "fail": false,
              "pending": false,
              "context": null,
              "code": "cy.visit(baseUrl);\ncy.get('select[name=\"selectViewBy\"]').select('Client');\ncy.get('input[placeholder=\"Search client\"]').type(clientName);\ncy.get('#loadClient > li').contains(clientName).click();\ncy.wait(3000);\ncy.get('#fromDate').clear().type(`${fromDate}{esc}`);\ncy.get('#toDate').clear().type(`${toDate}{esc}`);\ncy.get('select[name=\"ftype\"]').select('Equity');\ncy.get('#manually').check({\n  force: true\n});\ncy.intercept('POST', '/MutualFund/pl/xirr-report-data').as('xirr-report-data');\ncy.get('#btn_web').click();\n// Validate the API And the Reports Should be visible \ncy.wait('@xirr-report-data').its('response.statusCode').should('eq', 200);\ncy.get('.summery-inner-contaner').should('be.visible');\ncy.get('.report-result-panel > :nth-child(1) > :nth-child(2)').should('contain', clientName);",
              "err": {},
              "uuid": "1591e2ec-8aed-4424-9cd7-4eceb171cf87",
              "parentUUID": "2607530b-9513-403c-838d-0a1321df4541",
              "isHook": false,
              "skipped": false
            },
            {
              "title": "TC_003: Generate report with Client, Debt Funds, Manually",
              "fullTitle": "Between Date XIRR Report TC_003: Generate report with Client, Debt Funds, Manually",
              "timedOut": null,
              "duration": 15545,
              "state": "passed",
              "speed": "slow",
              "pass": true,
              "fail": false,
              "pending": false,
              "context": null,
              "code": "cy.visit(baseUrl);\ncy.get('select[name=\"selectViewBy\"]').select('Client');\ncy.get('input[placeholder=\"Search client\"]').type(clientName);\ncy.get('#loadClient > li').contains(clientName).click();\ncy.wait(3000);\ncy.get('#fromDate').clear().type(`${fromDate}{esc}`);\ncy.get('#toDate').clear().type(`${toDate}{esc}`);\ncy.get('select[name=\"ftype\"]').select('Debt');\ncy.get('#manually').check({\n  force: true\n});\ncy.intercept('POST', '/MutualFund/pl/xirr-report-data').as('xirr-report-data');\ncy.get('#btn_web').click();\n// Validate the API And the Reports Should be visible \ncy.wait('@xirr-report-data').its('response.statusCode').should('eq', 200);\ncy.get('.summery-inner-contaner').should('be.visible');\ncy.get('.report-result-panel > :nth-child(1) > :nth-child(2)').should('contain', clientName);",
              "err": {},
              "uuid": "f886a967-5ff2-4376-8ad9-7ca0d017cbc8",
              "parentUUID": "2607530b-9513-403c-838d-0a1321df4541",
              "isHook": false,
              "skipped": false
            },
            {
              "title": "TC_004: Generate report with Client, Hybrid Funds, Manually",
              "fullTitle": "Between Date XIRR Report TC_004: Generate report with Client, Hybrid Funds, Manually",
              "timedOut": null,
              "duration": 15284,
              "state": "passed",
              "speed": "slow",
              "pass": true,
              "fail": false,
              "pending": false,
              "context": null,
              "code": "cy.visit(baseUrl);\ncy.get('select[name=\"selectViewBy\"]').select('Client');\ncy.get('input[placeholder=\"Search client\"]').type(clientName);\ncy.get('#loadClient > li').contains(clientName).click();\ncy.wait(3000);\ncy.get('#fromDate').clear().type(`${fromDate}{esc}`);\ncy.get('#toDate').clear().type(`${toDate}{esc}`);\ncy.get('select[name=\"ftype\"]').select('Hybrid');\ncy.get('#manually').check({\n  force: true\n});\ncy.intercept('POST', '/MutualFund/pl/xirr-report-data').as('xirr-report-data');\ncy.get('#btn_web').click();\n// Validate the API And the Reports Should be visible \ncy.wait('@xirr-report-data').its('response.statusCode').should('eq', 200);\ncy.get('.summery-inner-contaner').should('be.visible');\ncy.get('.report-result-panel > :nth-child(1) > :nth-child(2)').should('contain', clientName);",
              "err": {},
              "uuid": "3602a8a8-3745-4d90-a7ab-3c56bba0d571",
              "parentUUID": "2607530b-9513-403c-838d-0a1321df4541",
              "isHook": false,
              "skipped": false
            },
            {
              "title": "TC_005: Generate report with Client, Sole Oriented Funds, Manually",
              "fullTitle": "Between Date XIRR Report TC_005: Generate report with Client, Sole Oriented Funds, Manually",
              "timedOut": null,
              "duration": 15225,
              "state": "passed",
              "speed": "slow",
              "pass": true,
              "fail": false,
              "pending": false,
              "context": null,
              "code": "cy.visit(baseUrl);\ncy.get('select[name=\"selectViewBy\"]').select('Client');\ncy.get('input[placeholder=\"Search client\"]').type(clientName);\ncy.get('#loadClient > li').contains(clientName).click();\ncy.wait(3000);\ncy.get('#fromDate').clear().type(`${fromDate}{esc}`);\ncy.get('#toDate').clear().type(`${toDate}{esc}`);\ncy.get('select[name=\"ftype\"]').select('sol oriented');\ncy.get('#manually').check({\n  force: true\n});\ncy.intercept('POST', '/MutualFund/pl/xirr-report-data').as('xirr-report-data');\ncy.get('#btn_web').click();\n// Validate the API And the Reports Should be visible \ncy.wait('@xirr-report-data').its('response.statusCode').should('eq', 200);\ncy.get('.summery-inner-contaner').should('be.visible');\ncy.get('.report-result-panel > :nth-child(1) > :nth-child(2)').should('contain', clientName);",
              "err": {},
              "uuid": "de9722ff-a102-427e-b9fc-7739b7360c45",
              "parentUUID": "2607530b-9513-403c-838d-0a1321df4541",
              "isHook": false,
              "skipped": false
            },
            {
              "title": "TC_006: Generate report with Client, Other Funds, Sensex",
              "fullTitle": "Between Date XIRR Report TC_006: Generate report with Client, Other Funds, Sensex",
              "timedOut": null,
              "duration": 16689,
              "state": "passed",
              "speed": "slow",
              "pass": true,
              "fail": false,
              "pending": false,
              "context": null,
              "code": "cy.visit(baseUrl);\ncy.get('select[name=\"selectViewBy\"]').select('Client');\ncy.get('input[placeholder=\"Search client\"]').type(clientName);\ncy.get('#loadClient > li').contains(clientName).click();\ncy.wait(3000);\ncy.get('#fromDate').clear().type(`${fromDate}{esc}`);\ncy.get('#toDate').clear().type(`${toDate}{esc}`);\ncy.get('select[name=\"ftype\"]').select('others');\ncy.get('#graph').check({\n  force: true\n});\ncy.intercept('POST', '/MutualFund/pl/xirr-report-data').as('xirr-report-data');\ncy.get('#btn_web').click();\n// Validate the API And the Reports Should be visible \ncy.wait('@xirr-report-data').its('response.statusCode').should('eq', 200);\ncy.get('.summery-inner-contaner').should('be.visible');\ncy.get('.report-result-panel > :nth-child(1) > :nth-child(2)').should('contain', clientName);",
              "err": {},
              "uuid": "28f10989-59ea-477e-abba-c99b506a59be",
              "parentUUID": "2607530b-9513-403c-838d-0a1321df4541",
              "isHook": false,
              "skipped": false
            },
            {
              "title": "TC_007: Generate report with Family, All Funds, Manually",
              "fullTitle": "Between Date XIRR Report TC_007: Generate report with Family, All Funds, Manually",
              "timedOut": null,
              "duration": 25542,
              "state": "passed",
              "speed": "slow",
              "pass": true,
              "fail": false,
              "pending": false,
              "context": null,
              "code": "cy.visit(baseUrl);\ncy.get('select[name=\"selectViewBy\"]').select('Family');\ncy.wait(2000);\ncy.get('#loadClient').contains(familyName).click();\ncy.wait(3000);\ncy.get('#fromDate').clear().type(`${fromDate}{esc}`);\ncy.get('#toDate').clear().type(`${toDate}{esc}`);\ncy.get('select[name=\"ftype\"]').select('all');\ncy.get('#manually').check({\n  force: true\n});\ncy.intercept('POST', '/MutualFund/pl/xirr-report-data').as('xirr-report-data');\ncy.get('#btn_web').click();\n// Validate the API And the Reports Should be visible \ncy.wait('@xirr-report-data').its('response.statusCode').should('eq', 200);\ncy.get('.summery-inner-contaner').should('be.visible');\n// Optional: if you have family details or title you can check it here\ncy.get('.report-result-panel > :nth-child(1) > :nth-child(2)').should('contain', familyName);",
              "err": {},
              "uuid": "9bc35c2e-9bd0-4459-ba82-bf23c0680a2a",
              "parentUUID": "2607530b-9513-403c-838d-0a1321df4541",
              "isHook": false,
              "skipped": false
            }
          ],
          "suites": [],
          "passes": [
            "5704ac53-f73e-4672-a4c0-62662c695272",
            "1591e2ec-8aed-4424-9cd7-4eceb171cf87",
            "f886a967-5ff2-4376-8ad9-7ca0d017cbc8",
            "3602a8a8-3745-4d90-a7ab-3c56bba0d571",
            "de9722ff-a102-427e-b9fc-7739b7360c45",
            "28f10989-59ea-477e-abba-c99b506a59be",
            "9bc35c2e-9bd0-4459-ba82-bf23c0680a2a"
          ],
          "failures": [],
          "pending": [],
          "skipped": [],
          "duration": 140990,
          "root": false,
          "rootEmpty": false,
          "_timeout": 2000
        }
      ],
      "passes": [],
      "failures": [],
      "pending": [],
      "skipped": [],
      "duration": 0,
      "root": true,
      "rootEmpty": true,
      "_timeout": 2000
    }
  ],
  "meta": {
    "mocha": {
      "version": "7.0.1"
    },
    "mochawesome": {
      "options": {
        "quiet": false,
        "reportFilename": "reports",
        "saveHtml": true,
        "saveJson": true,
        "consoleReporter": "spec",
        "useInlineDiffs": false,
        "code": true
      },
      "version": "7.1.3"
    },
    "marge": {
      "options": {
        "reportDir": "cypress/reports/mochawesome/",
        "reportFilename": "reports",
        "html": true,
        "json": true,
        "overwrite": true,
        "timestamp": "yyyy-mm-dd_HH-MM-ss",
        "charts": true,
        "inline": true
      },
      "version": "6.2.0"
    }
  }
}